🚀 Starting accurate TMDB data collection...
⏰ This will take 20-30 minutes for 5000 movies
================================================================================
================================================================================
🎬 COLLECTING 5000+ MOVIES WITH ACCURATE TMDB DATA
📅 Year Range: 1990 - 2024
================================================================================

📅 Processing year: 2024
  ✓ Collected 50 movies... (API requests: 103)
  ⚠️  Error fetching credits for movie 573435: ('Connection aborted.', RemoteDisconnected('Remote end closed connection without response'))
  ✓ Collected 100 movies... (API requests: 204)
  ✓ Collected 150 movies... (API requests: 307)
  ✓ Collected 200 movies... (API requests: 409)
  ✓ Collected 250 movies... (API requests: 512)
  ✓ Collected 300 movies... (API requests: 614)
  ✓ Collected 350 movies... (API requests: 717)
  ✓ Collected 400 movies... (API requests: 819)
  ✓ Collected 450 movies... (API requests: 922)
  ✓ Collected 500 movies... (API requests: 1024)
  ✓ Year 2024: 500 movies collected

📅 Processing year: 2023
  ✓ Collected 550 movies... (API requests: 1127)
  ⚠️  Error fetching credits for movie 955555: HTTPSConnectionPool(host='api.themoviedb.org', port=443): Max retries exceeded with url: /3/movie/955555/credits?api_key=d429e3e7a57fe68708d1380b99dbdf43 (Caused by SSLError(SSLEOFError(8, '[SSL: UNEXPECTED_EOF_WHILE_READING] EOF occurred in violation of protocol (_ssl.c:1077)')))
  ✓ Collected 600 movies... (API requests: 1228)
  ✓ Collected 650 movies... (API requests: 1331)
  ✓ Collected 700 movies... (API requests: 1433)
  ✓ Collected 750 movies... (API requests: 1536)
  ✓ Collected 800 movies... (API requests: 1638)
  ✓ Collected 850 movies... (API requests: 1741)
  ✓ Collected 900 movies... (API requests: 1843)
  ✓ Collected 950 movies... (API requests: 1946)
  ✓ Collected 1000 movies... (API requests: 2048)
  ✓ Year 2023: 500 movies collected

📅 Processing year: 2022
  ✓ Collected 1050 movies... (API requests: 2151)
  ✓ Collected 1100 movies... (API requests: 2253)
  ✓ Collected 1150 movies... (API requests: 2356)
  ✓ Collected 1200 movies... (API requests: 2458)
  ✓ Collected 1250 movies... (API requests: 2561)
  ✓ Collected 1300 movies... (API requests: 2663)
  ✓ Collected 1350 movies... (API requests: 2766)
  ✓ Collected 1400 movies... (API requests: 2868)
  ⚠️  Error fetching details for movie 896945: HTTPSConnectionPool(host='api.themoviedb.org', port=443): Read timed out. (read timeout=None)
  ⚠️  Error fetching details for movie 900667: HTTPSConnectionPool(host='api.themoviedb.org', port=443): Max retries exceeded with url: /3/movie/900667?api_key=d429e3e7a57fe68708d1380b99dbdf43 (Caused by NameResolutionError("<urllib3.connection.HTTPSConnection object at 0x112d4fed0>: Failed to resolve 'api.themoviedb.org' ([Errno 8] nodename nor servname provided, or not known)"))
  ⚠️  Error fetching details for movie 872497: HTTPSConnectionPool(host='api.themoviedb.org', port=443): Max retries exceeded with url: /3/movie/872497?api_key=d429e3e7a57fe68708d1380b99dbdf43 (Caused by NameResolutionError("<urllib3.connection.HTTPSConnection object at 0x112d4fb10>: Failed to resolve 'api.themoviedb.org' ([Errno 8] nodename nor servname provided, or not known)"))
  ⚠️  Error fetching details for movie 836202: HTTPSConnectionPool(host='api.themoviedb.org', port=443): Max retries exceeded with url: /3/movie/836202?api_key=d429e3e7a57fe68708d1380b99dbdf43 (Caused by NameResolutionError("<urllib3.connection.HTTPSConnection object at 0x112eb8550>: Failed to resolve 'api.themoviedb.org' ([Errno 8] nodename nor servname provided, or not known)"))
  ⚠️  Error fetching details for movie 977367: HTTPSConnectionPool(host='api.themoviedb.org', port=443): Max retries exceeded with url: /3/movie/977367?api_key=d429e3e7a57fe68708d1380b99dbdf43 (Caused by NameResolutionError("<urllib3.connection.HTTPSConnection object at 0x112eb8690>: Failed to resolve 'api.themoviedb.org' ([Errno 8] nodename nor servname provided, or not known)"))
  ⚠️  Error fetching details for movie 1002535: HTTPSConnectionPool(host='api.themoviedb.org', port=443): Max retries exceeded with url: /3/movie/1002535?api_key=d429e3e7a57fe68708d1380b99dbdf43 (Caused by NameResolutionError("<urllib3.connection.HTTPSConnection object at 0x112eb8cd0>: Failed to resolve 'api.themoviedb.org' ([Errno 8] nodename nor servname provided, or not known)"))
Error fetching movies for year 2022, page 23: HTTPSConnectionPool(host='api.themoviedb.org', port=443): Max retries exceeded with url: /3/discover/movie?api_key=d429e3e7a57fe68708d1380b99dbdf43&primary_release_year=2022&sort_by=popularity.desc&page=23&vote_count.gte=10&include_adult=false (Caused by NameResolutionError("<urllib3.connection.HTTPSConnection object at 0x112eb8910>: Failed to resolve 'api.themoviedb.org' ([Errno 8] nodename nor servname provided, or not known)"))
  ✓ Year 2022: 434 movies collected

📅 Processing year: 2021
Error fetching movies for year 2021, page 1: HTTPSConnectionPool(host='api.themoviedb.org', port=443): Max retries exceeded with url: /3/discover/movie?api_key=d429e3e7a57fe68708d1380b99dbdf43&primary_release_year=2021&sort_by=popularity.desc&page=1&vote_count.gte=10&include_adult=false (Caused by NameResolutionError("<urllib3.connection.HTTPSConnection object at 0x112d4fb10>: Failed to resolve 'api.themoviedb.org' ([Errno 8] nodename nor servname provided, or not known)"))
  ✓ Year 2021: 0 movies collected

📅 Processing year: 2020
Error fetching movies for year 2020, page 1: HTTPSConnectionPool(host='api.themoviedb.org', port=443): Max retries exceeded with url: /3/discover/movie?api_key=d429e3e7a57fe68708d1380b99dbdf43&primary_release_year=2020&sort_by=popularity.desc&page=1&vote_count.gte=10&include_adult=false (Caused by NameResolutionError("<urllib3.connection.HTTPSConnection object at 0x112d4f9d0>: Failed to resolve 'api.themoviedb.org' ([Errno 8] nodename nor servname provided, or not known)"))
  ✓ Year 2020: 0 movies collected

📅 Processing year: 2019
Error fetching movies for year 2019, page 1: HTTPSConnectionPool(host='api.themoviedb.org', port=443): Max retries exceeded with url: /3/discover/movie?api_key=d429e3e7a57fe68708d1380b99dbdf43&primary_release_year=2019&sort_by=popularity.desc&page=1&vote_count.gte=10&include_adult=false (Caused by NameResolutionError("<urllib3.connection.HTTPSConnection object at 0x112eb8e10>: Failed to resolve 'api.themoviedb.org' ([Errno 8] nodename nor servname provided, or not known)"))
  ✓ Year 2019: 0 movies collected

📅 Processing year: 2018
Error fetching movies for year 2018, page 1: HTTPSConnectionPool(host='api.themoviedb.org', port=443): Max retries exceeded with url: /3/discover/movie?api_key=d429e3e7a57fe68708d1380b99dbdf43&primary_release_year=2018&sort_by=popularity.desc&page=1&vote_count.gte=10&include_adult=false (Caused by NameResolutionError("<urllib3.connection.HTTPSConnection object at 0x112eb8cd0>: Failed to resolve 'api.themoviedb.org' ([Errno 8] nodename nor servname provided, or not known)"))
  ✓ Year 2018: 0 movies collected

📅 Processing year: 2017
Error fetching movies for year 2017, page 1: HTTPSConnectionPool(host='api.themoviedb.org', port=443): Max retries exceeded with url: /3/discover/movie?api_key=d429e3e7a57fe68708d1380b99dbdf43&primary_release_year=2017&sort_by=popularity.desc&page=1&vote_count.gte=10&include_adult=false (Caused by NameResolutionError("<urllib3.connection.HTTPSConnection object at 0x112eb8410>: Failed to resolve 'api.themoviedb.org' ([Errno 8] nodename nor servname provided, or not known)"))
  ✓ Year 2017: 0 movies collected

📅 Processing year: 2016
Error fetching movies for year 2016, page 1: HTTPSConnectionPool(host='api.themoviedb.org', port=443): Max retries exceeded with url: /3/discover/movie?api_key=d429e3e7a57fe68708d1380b99dbdf43&primary_release_year=2016&sort_by=popularity.desc&page=1&vote_count.gte=10&include_adult=false (Caused by NameResolutionError("<urllib3.connection.HTTPSConnection object at 0x112eb87d0>: Failed to resolve 'api.themoviedb.org' ([Errno 8] nodename nor servname provided, or not known)"))
  ✓ Year 2016: 0 movies collected

📅 Processing year: 2015
Error fetching movies for year 2015, page 1: HTTPSConnectionPool(host='api.themoviedb.org', port=443): Max retries exceeded with url: /3/discover/movie?api_key=d429e3e7a57fe68708d1380b99dbdf43&primary_release_year=2015&sort_by=popularity.desc&page=1&vote_count.gte=10&include_adult=false (Caused by NameResolutionError("<urllib3.connection.HTTPSConnection object at 0x112eb91d0>: Failed to resolve 'api.themoviedb.org' ([Errno 8] nodename nor servname provided, or not known)"))
  ✓ Year 2015: 0 movies collected

📅 Processing year: 2014
Error fetching movies for year 2014, page 1: HTTPSConnectionPool(host='api.themoviedb.org', port=443): Max retries exceeded with url: /3/discover/movie?api_key=d429e3e7a57fe68708d1380b99dbdf43&primary_release_year=2014&sort_by=popularity.desc&page=1&vote_count.gte=10&include_adult=false (Caused by NameResolutionError("<urllib3.connection.HTTPSConnection object at 0x112eb9590>: Failed to resolve 'api.themoviedb.org' ([Errno 8] nodename nor servname provided, or not known)"))
  ✓ Year 2014: 0 movies collected

📅 Processing year: 2013
Error fetching movies for year 2013, page 1: HTTPSConnectionPool(host='api.themoviedb.org', port=443): Max retries exceeded with url: /3/discover/movie?api_key=d429e3e7a57fe68708d1380b99dbdf43&primary_release_year=2013&sort_by=popularity.desc&page=1&vote_count.gte=10&include_adult=false (Caused by NameResolutionError("<urllib3.connection.HTTPSConnection object at 0x112eb9950>: Failed to resolve 'api.themoviedb.org' ([Errno 8] nodename nor servname provided, or not known)"))
  ✓ Year 2013: 0 movies collected

📅 Processing year: 2012
Error fetching movies for year 2012, page 1: HTTPSConnectionPool(host='api.themoviedb.org', port=443): Max retries exceeded with url: /3/discover/movie?api_key=d429e3e7a57fe68708d1380b99dbdf43&primary_release_year=2012&sort_by=popularity.desc&page=1&vote_count.gte=10&include_adult=false (Caused by NameResolutionError("<urllib3.connection.HTTPSConnection object at 0x112eb9d10>: Failed to resolve 'api.themoviedb.org' ([Errno 8] nodename nor servname provided, or not known)"))
  ✓ Year 2012: 0 movies collected

📅 Processing year: 2011
Error fetching movies for year 2011, page 1: HTTPSConnectionPool(host='api.themoviedb.org', port=443): Max retries exceeded with url: /3/discover/movie?api_key=d429e3e7a57fe68708d1380b99dbdf43&primary_release_year=2011&sort_by=popularity.desc&page=1&vote_count.gte=10&include_adult=false (Caused by NameResolutionError("<urllib3.connection.HTTPSConnection object at 0x112eba0d0>: Failed to resolve 'api.themoviedb.org' ([Errno 8] nodename nor servname provided, or not known)"))
  ✓ Year 2011: 0 movies collected

📅 Processing year: 2010
Error fetching movies for year 2010, page 1: HTTPSConnectionPool(host='api.themoviedb.org', port=443): Max retries exceeded with url: /3/discover/movie?api_key=d429e3e7a57fe68708d1380b99dbdf43&primary_release_year=2010&sort_by=popularity.desc&page=1&vote_count.gte=10&include_adult=false (Caused by NameResolutionError("<urllib3.connection.HTTPSConnection object at 0x112eba5d0>: Failed to resolve 'api.themoviedb.org' ([Errno 8] nodename nor servname provided, or not known)"))
  ✓ Year 2010: 0 movies collected

📅 Processing year: 2009
Error fetching movies for year 2009, page 1: HTTPSConnectionPool(host='api.themoviedb.org', port=443): Max retries exceeded with url: /3/discover/movie?api_key=d429e3e7a57fe68708d1380b99dbdf43&primary_release_year=2009&sort_by=popularity.desc&page=1&vote_count.gte=10&include_adult=false (Caused by NameResolutionError("<urllib3.connection.HTTPSConnection object at 0x112eba490>: Failed to resolve 'api.themoviedb.org' ([Errno 8] nodename nor servname provided, or not known)"))
  ✓ Year 2009: 0 movies collected

📅 Processing year: 2008
Error fetching movies for year 2008, page 1: HTTPSConnectionPool(host='api.themoviedb.org', port=443): Max retries exceeded with url: /3/discover/movie?api_key=d429e3e7a57fe68708d1380b99dbdf43&primary_release_year=2008&sort_by=popularity.desc&page=1&vote_count.gte=10&include_adult=false (Caused by NameResolutionError("<urllib3.connection.HTTPSConnection object at 0x112ebac10>: Failed to resolve 'api.themoviedb.org' ([Errno 8] nodename nor servname provided, or not known)"))
  ✓ Year 2008: 0 movies collected

📅 Processing year: 2007
Error fetching movies for year 2007, page 1: HTTPSConnectionPool(host='api.themoviedb.org', port=443): Max retries exceeded with url: /3/discover/movie?api_key=d429e3e7a57fe68708d1380b99dbdf43&primary_release_year=2007&sort_by=popularity.desc&page=1&vote_count.gte=10&include_adult=false (Caused by NameResolutionError("<urllib3.connection.HTTPSConnection object at 0x112ebafd0>: Failed to resolve 'api.themoviedb.org' ([Errno 8] nodename nor servname provided, or not known)"))
  ✓ Year 2007: 0 movies collected

📅 Processing year: 2006
Error fetching movies for year 2006, page 1: HTTPSConnectionPool(host='api.themoviedb.org', port=443): Max retries exceeded with url: /3/discover/movie?api_key=d429e3e7a57fe68708d1380b99dbdf43&primary_release_year=2006&sort_by=popularity.desc&page=1&vote_count.gte=10&include_adult=false (Caused by NameResolutionError("<urllib3.connection.HTTPSConnection object at 0x112ebb390>: Failed to resolve 'api.themoviedb.org' ([Errno 8] nodename nor servname provided, or not known)"))
  ✓ Year 2006: 0 movies collected

📅 Processing year: 2005
Error fetching movies for year 2005, page 1: HTTPSConnectionPool(host='api.themoviedb.org', port=443): Max retries exceeded with url: /3/discover/movie?api_key=d429e3e7a57fe68708d1380b99dbdf43&primary_release_year=2005&sort_by=popularity.desc&page=1&vote_count.gte=10&include_adult=false (Caused by NameResolutionError("<urllib3.connection.HTTPSConnection object at 0x112d4fc50>: Failed to resolve 'api.themoviedb.org' ([Errno 8] nodename nor servname provided, or not known)"))
  ✓ Year 2005: 0 movies collected

📅 Processing year: 2004
Error fetching movies for year 2004, page 1: HTTPSConnectionPool(host='api.themoviedb.org', port=443): Max retries exceeded with url: /3/discover/movie?api_key=d429e3e7a57fe68708d1380b99dbdf43&primary_release_year=2004&sort_by=popularity.desc&page=1&vote_count.gte=10&include_adult=false (Caused by NameResolutionError("<urllib3.connection.HTTPSConnection object at 0x112d4fd90>: Failed to resolve 'api.themoviedb.org' ([Errno 8] nodename nor servname provided, or not known)"))
  ✓ Year 2004: 0 movies collected

📅 Processing year: 2003
Error fetching movies for year 2003, page 1: HTTPSConnectionPool(host='api.themoviedb.org', port=443): Max retries exceeded with url: /3/discover/movie?api_key=d429e3e7a57fe68708d1380b99dbdf43&primary_release_year=2003&sort_by=popularity.desc&page=1&vote_count.gte=10&include_adult=false (Caused by NameResolutionError("<urllib3.connection.HTTPSConnection object at 0x112ebb610>: Failed to resolve 'api.themoviedb.org' ([Errno 8] nodename nor servname provided, or not known)"))
  ✓ Year 2003: 0 movies collected

📅 Processing year: 2002
Error fetching movies for year 2002, page 1: HTTPSConnectionPool(host='api.themoviedb.org', port=443): Max retries exceeded with url: /3/discover/movie?api_key=d429e3e7a57fe68708d1380b99dbdf43&primary_release_year=2002&sort_by=popularity.desc&page=1&vote_count.gte=10&include_adult=false (Caused by NameResolutionError("<urllib3.connection.HTTPSConnection object at 0x112ebb250>: Failed to resolve 'api.themoviedb.org' ([Errno 8] nodename nor servname provided, or not known)"))
  ✓ Year 2002: 0 movies collected

📅 Processing year: 2001
Error fetching movies for year 2001, page 1: HTTPSConnectionPool(host='api.themoviedb.org', port=443): Max retries exceeded with url: /3/discover/movie?api_key=d429e3e7a57fe68708d1380b99dbdf43&primary_release_year=2001&sort_by=popularity.desc&page=1&vote_count.gte=10&include_adult=false (Caused by NameResolutionError("<urllib3.connection.HTTPSConnection object at 0x112ebae90>: Failed to resolve 'api.themoviedb.org' ([Errno 8] nodename nor servname provided, or not known)"))
  ✓ Year 2001: 0 movies collected

📅 Processing year: 2000
Error fetching movies for year 2000, page 1: HTTPSConnectionPool(host='api.themoviedb.org', port=443): Max retries exceeded with url: /3/discover/movie?api_key=d429e3e7a57fe68708d1380b99dbdf43&primary_release_year=2000&sort_by=popularity.desc&page=1&vote_count.gte=10&include_adult=false (Caused by NameResolutionError("<urllib3.connection.HTTPSConnection object at 0x112ebaad0>: Failed to resolve 'api.themoviedb.org' ([Errno 8] nodename nor servname provided, or not known)"))
  ✓ Year 2000: 0 movies collected

📅 Processing year: 1999
Error fetching movies for year 1999, page 1: HTTPSConnectionPool(host='api.themoviedb.org', port=443): Max retries exceeded with url: /3/discover/movie?api_key=d429e3e7a57fe68708d1380b99dbdf43&primary_release_year=1999&sort_by=popularity.desc&page=1&vote_count.gte=10&include_adult=false (Caused by NameResolutionError("<urllib3.connection.HTTPSConnection object at 0x112eba850>: Failed to resolve 'api.themoviedb.org' ([Errno 8] nodename nor servname provided, or not known)"))
  ✓ Year 1999: 0 movies collected

📅 Processing year: 1998
Error fetching movies for year 1998, page 1: HTTPSConnectionPool(host='api.themoviedb.org', port=443): Max retries exceeded with url: /3/discover/movie?api_key=d429e3e7a57fe68708d1380b99dbdf43&primary_release_year=1998&sort_by=popularity.desc&page=1&vote_count.gte=10&include_adult=false (Caused by NameResolutionError("<urllib3.connection.HTTPSConnection object at 0x112eba350>: Failed to resolve 'api.themoviedb.org' ([Errno 8] nodename nor servname provided, or not known)"))
  ✓ Year 1998: 0 movies collected

📅 Processing year: 1997
Error fetching movies for year 1997, page 1: HTTPSConnectionPool(host='api.themoviedb.org', port=443): Max retries exceeded with url: /3/discover/movie?api_key=d429e3e7a57fe68708d1380b99dbdf43&primary_release_year=1997&sort_by=popularity.desc&page=1&vote_count.gte=10&include_adult=false (Caused by NameResolutionError("<urllib3.connection.HTTPSConnection object at 0x112eb9f90>: Failed to resolve 'api.themoviedb.org' ([Errno 8] nodename nor servname provided, or not known)"))
  ✓ Year 1997: 0 movies collected

📅 Processing year: 1996
Error fetching movies for year 1996, page 1: HTTPSConnectionPool(host='api.themoviedb.org', port=443): Max retries exceeded with url: /3/discover/movie?api_key=d429e3e7a57fe68708d1380b99dbdf43&primary_release_year=1996&sort_by=popularity.desc&page=1&vote_count.gte=10&include_adult=false (Caused by NameResolutionError("<urllib3.connection.HTTPSConnection object at 0x112eb9bd0>: Failed to resolve 'api.themoviedb.org' ([Errno 8] nodename nor servname provided, or not known)"))
  ✓ Year 1996: 0 movies collected

📅 Processing year: 1995
Error fetching movies for year 1995, page 1: HTTPSConnectionPool(host='api.themoviedb.org', port=443): Max retries exceeded with url: /3/discover/movie?api_key=d429e3e7a57fe68708d1380b99dbdf43&primary_release_year=1995&sort_by=popularity.desc&page=1&vote_count.gte=10&include_adult=false (Caused by NameResolutionError("<urllib3.connection.HTTPSConnection object at 0x112eb9810>: Failed to resolve 'api.themoviedb.org' ([Errno 8] nodename nor servname provided, or not known)"))
  ✓ Year 1995: 0 movies collected

📅 Processing year: 1994
Error fetching movies for year 1994, page 1: HTTPSConnectionPool(host='api.themoviedb.org', port=443): Max retries exceeded with url: /3/discover/movie?api_key=d429e3e7a57fe68708d1380b99dbdf43&primary_release_year=1994&sort_by=popularity.desc&page=1&vote_count.gte=10&include_adult=false (Caused by NameResolutionError("<urllib3.connection.HTTPSConnection object at 0x112eb91d0>: Failed to resolve 'api.themoviedb.org' ([Errno 8] nodename nor servname provided, or not known)"))
  ✓ Year 1994: 0 movies collected

📅 Processing year: 1993
Error fetching movies for year 1993, page 1: HTTPSConnectionPool(host='api.themoviedb.org', port=443): Max retries exceeded with url: /3/discover/movie?api_key=d429e3e7a57fe68708d1380b99dbdf43&primary_release_year=1993&sort_by=popularity.desc&page=1&vote_count.gte=10&include_adult=false (Caused by NameResolutionError("<urllib3.connection.HTTPSConnection object at 0x112eb9450>: Failed to resolve 'api.themoviedb.org' ([Errno 8] nodename nor servname provided, or not known)"))
  ✓ Year 1993: 0 movies collected

📅 Processing year: 1992
Error fetching movies for year 1992, page 1: HTTPSConnectionPool(host='api.themoviedb.org', port=443): Max retries exceeded with url: /3/discover/movie?api_key=d429e3e7a57fe68708d1380b99dbdf43&primary_release_year=1992&sort_by=popularity.desc&page=1&vote_count.gte=10&include_adult=false (Caused by NameResolutionError("<urllib3.connection.HTTPSConnection object at 0x112eb8190>: Failed to resolve 'api.themoviedb.org' ([Errno 8] nodename nor servname provided, or not known)"))
  ✓ Year 1992: 0 movies collected

📅 Processing year: 1991
Error fetching movies for year 1991, page 1: HTTPSConnectionPool(host='api.themoviedb.org', port=443): Max retries exceeded with url: /3/discover/movie?api_key=d429e3e7a57fe68708d1380b99dbdf43&primary_release_year=1991&sort_by=popularity.desc&page=1&vote_count.gte=10&include_adult=false (Caused by NameResolutionError("<urllib3.connection.HTTPSConnection object at 0x112eb8690>: Failed to resolve 'api.themoviedb.org' ([Errno 8] nodename nor servname provided, or not known)"))
  ✓ Year 1991: 0 movies collected

📅 Processing year: 1990
Error fetching movies for year 1990, page 1: HTTPSConnectionPool(host='api.themoviedb.org', port=443): Max retries exceeded with url: /3/discover/movie?api_key=d429e3e7a57fe68708d1380b99dbdf43&primary_release_year=1990&sort_by=popularity.desc&page=1&vote_count.gte=10&include_adult=false (Caused by NameResolutionError("<urllib3.connection.HTTPSConnection object at 0x112eb8a50>: Failed to resolve 'api.themoviedb.org' ([Errno 8] nodename nor servname provided, or not known)"))
  ✓ Year 1990: 0 movies collected

================================================================================
✅ COLLECTION COMPLETE!
Total movies collected: 1410
Total API requests made: 2938
Date range: 2022-01-01 to 2024-12-31
Budget range: $0 to $583,900,000
Revenue range: $0 to $2,353,096,253
================================================================================

================================================================================
🔍 VERIFYING DATA ACCURACY
================================================================================

Emilia Pérez:
  Budget: $26,000,000
  Revenue: $16,302,703
  First Week (estimated): $3,717,937

Venom: The Last Dance:
  Budget: $120,000,000
  Revenue: $478,937,618
  First Week (estimated): $147,500,933

The Substance:
  Budget: $17,500,000
  Revenue: $76,506,196
  First Week (estimated): $26,463,829

================================================================================

✅ Data saved to: data/raw/imdb_movies_large_corrected.csv
✅ Old data backed up to: data/raw/imdb_movies_large_OLD.csv
✅ Corrected data copied to: data/raw/imdb_movies_large.csv

================================================================================
🎉 DATA COLLECTION COMPLETE WITH ACCURATE TMDB VALUES!
================================================================================
